[0.007s] Invoking command in '/ThesisRosGITV1/build/urdf_2dof': CMAKE_PREFIX_PATH=${CMAKE_PREFIX_PATH}:/opt/ros/humble /usr/bin/cmake --build /ThesisRosGITV1/build/urdf_2dof -- -j16 -l16
[0.028s] Invoked command in '/ThesisRosGITV1/build/urdf_2dof' returned '0': CMAKE_PREFIX_PATH=${CMAKE_PREFIX_PATH}:/opt/ros/humble /usr/bin/cmake --build /ThesisRosGITV1/build/urdf_2dof -- -j16 -l16
[0.034s] Invoking command in '/ThesisRosGITV1/build/urdf_2dof': CMAKE_PREFIX_PATH=${CMAKE_PREFIX_PATH}:/opt/ros/humble /usr/bin/cmake --install /ThesisRosGITV1/build/urdf_2dof
[0.038s] -- Install configuration: ""
[0.038s] -- Up-to-date: /ThesisRosGITV1/install/urdf_2dof/share/urdf_2dof/launch
[0.038s] -- Up-to-date: /ThesisRosGITV1/install/urdf_2dof/share/urdf_2dof/launch/display.launch.py
[0.038s] -- Up-to-date: /ThesisRosGITV1/install/urdf_2dof/share/urdf_2dof/launch/sim.launch.py
[0.038s] -- Up-to-date: /ThesisRosGITV1/install/urdf_2dof/share/urdf_2dof/config
[0.038s] -- Up-to-date: /ThesisRosGITV1/install/urdf_2dof/share/urdf_2dof/config/config.rviz
[0.038s] -- Up-to-date: /ThesisRosGITV1/install/urdf_2dof/share/urdf_2dof/urdf
[0.038s] -- Installing: /ThesisRosGITV1/install/urdf_2dof/share/urdf_2dof/urdf/2dof.urdf
[0.038s] -- Up-to-date: /ThesisRosGITV1/install/urdf_2dof/share/urdf_2dof/meshes
[0.038s] -- Up-to-date: /ThesisRosGITV1/install/urdf_2dof/share/urdf_2dof/meshes/Link1.STL
[0.038s] -- Up-to-date: /ThesisRosGITV1/install/urdf_2dof/share/urdf_2dof/meshes/Link2.STL
[0.038s] -- Up-to-date: /ThesisRosGITV1/install/urdf_2dof/share/urdf_2dof/meshes/EndEffector.STL
[0.038s] -- Up-to-date: /ThesisRosGITV1/install/urdf_2dof/share/urdf_2dof/meshes/base_link.STL
[0.038s] -- Installing: /ThesisRosGITV1/install/urdf_2dof/lib/urdf_2dof/pendulum_sim_node.py
[0.038s] -- Up-to-date: /ThesisRosGITV1/install/urdf_2dof/share/ament_index/resource_index/package_run_dependencies/urdf_2dof
[0.038s] -- Up-to-date: /ThesisRosGITV1/install/urdf_2dof/share/ament_index/resource_index/parent_prefix_path/urdf_2dof
[0.038s] -- Up-to-date: /ThesisRosGITV1/install/urdf_2dof/share/urdf_2dof/environment/ament_prefix_path.sh
[0.038s] -- Up-to-date: /ThesisRosGITV1/install/urdf_2dof/share/urdf_2dof/environment/ament_prefix_path.dsv
[0.038s] -- Up-to-date: /ThesisRosGITV1/install/urdf_2dof/share/urdf_2dof/environment/path.sh
[0.038s] -- Up-to-date: /ThesisRosGITV1/install/urdf_2dof/share/urdf_2dof/environment/path.dsv
[0.039s] -- Up-to-date: /ThesisRosGITV1/install/urdf_2dof/share/urdf_2dof/local_setup.bash
[0.039s] -- Up-to-date: /ThesisRosGITV1/install/urdf_2dof/share/urdf_2dof/local_setup.sh
[0.039s] -- Up-to-date: /ThesisRosGITV1/install/urdf_2dof/share/urdf_2dof/local_setup.zsh
[0.039s] -- Up-to-date: /ThesisRosGITV1/install/urdf_2dof/share/urdf_2dof/local_setup.dsv
[0.039s] -- Installing: /ThesisRosGITV1/install/urdf_2dof/share/urdf_2dof/package.dsv
[0.039s] -- Up-to-date: /ThesisRosGITV1/install/urdf_2dof/share/ament_index/resource_index/packages/urdf_2dof
[0.039s] -- Up-to-date: /ThesisRosGITV1/install/urdf_2dof/share/urdf_2dof/cmake/urdf_2dofConfig.cmake
[0.039s] -- Up-to-date: /ThesisRosGITV1/install/urdf_2dof/share/urdf_2dof/cmake/urdf_2dofConfig-version.cmake
[0.039s] -- Up-to-date: /ThesisRosGITV1/install/urdf_2dof/share/urdf_2dof/package.xml
[0.039s] Invoked command in '/ThesisRosGITV1/build/urdf_2dof' returned '0': CMAKE_PREFIX_PATH=${CMAKE_PREFIX_PATH}:/opt/ros/humble /usr/bin/cmake --install /ThesisRosGITV1/build/urdf_2dof
