[0.101s] DEBUG:colcon:Command line arguments: ['/usr/bin/colcon', 'build']
[0.101s] DEBUG:colcon:Parsed command line arguments: Namespace(log_base=None, log_level=None, verb_name='build', build_base='build', install_base='install', merge_install=False, symlink_install=False, test_result_base=None, continue_on_error=False, executor='parallel', parallel_workers=8, event_handlers=None, ignore_user_meta=False, metas=['./colcon.meta'], base_paths=['.'], packages_ignore=None, packages_ignore_regex=None, paths=None, packages_up_to=None, packages_up_to_regex=None, packages_above=None, packages_above_and_dependencies=None, packages_above_depth=None, packages_select_by_dep=None, packages_skip_by_dep=None, packages_skip_up_to=None, packages_select_build_failed=False, packages_skip_build_finished=False, packages_select_test_failures=False, packages_skip_test_passed=False, packages_select=None, packages_skip=None, packages_select_regex=None, packages_skip_regex=None, packages_start=None, packages_end=None, cmake_args=None, cmake_target=None, cmake_target_skip_unavailable=False, cmake_clean_cache=False, cmake_clean_first=False, cmake_force_configure=False, ament_cmake_args=None, catkin_cmake_args=None, catkin_skip_building_tests=False, mixin_files=None, mixin=None, verb_parser=<colcon_mixin.mixin.mixin_argument.MixinArgumentDecorator object at 0x771e0cc3fca0>, verb_extension=<colcon_core.verb.build.BuildVerb object at 0x771e0cc3f7f0>, main=<bound method BuildVerb.main of <colcon_core.verb.build.BuildVerb object at 0x771e0cc3f7f0>>, mixin_verb=('build',))
[0.237s] Level 1:colcon.colcon_core.package_discovery:discover_packages(colcon_meta) check parameters
[0.237s] Level 1:colcon.colcon_core.package_discovery:discover_packages(recursive) check parameters
[0.237s] Level 1:colcon.colcon_core.package_discovery:discover_packages(ignore) check parameters
[0.237s] Level 1:colcon.colcon_core.package_discovery:discover_packages(path) check parameters
[0.237s] Level 1:colcon.colcon_core.package_discovery:discover_packages(colcon_meta) discover
[0.237s] Level 1:colcon.colcon_core.package_discovery:discover_packages(recursive) discover
[0.237s] INFO:colcon.colcon_core.package_discovery:Crawling recursively for packages in '/ThesisRosGITV1'
[0.237s] Level 1:colcon.colcon_core.package_identification:_identify(.) by extensions ['ignore', 'ignore_ament_install']
[0.237s] Level 1:colcon.colcon_core.package_identification:_identify(.) by extension 'ignore'
[0.237s] Level 1:colcon.colcon_core.package_identification:_identify(.) by extension 'ignore_ament_install'
[0.237s] Level 1:colcon.colcon_core.package_identification:_identify(.) by extensions ['colcon_pkg']
[0.237s] Level 1:colcon.colcon_core.package_identification:_identify(.) by extension 'colcon_pkg'
[0.237s] Level 1:colcon.colcon_core.package_identification:_identify(.) by extensions ['colcon_meta']
[0.237s] Level 1:colcon.colcon_core.package_identification:_identify(.) by extension 'colcon_meta'
[0.237s] Level 1:colcon.colcon_core.package_identification:_identify(.) by extensions ['ros']
[0.237s] Level 1:colcon.colcon_core.package_identification:_identify(.) by extension 'ros'
[0.247s] Level 1:colcon.colcon_core.package_identification:_identify(.) by extensions ['cmake', 'python']
[0.248s] Level 1:colcon.colcon_core.package_identification:_identify(.) by extension 'cmake'
[0.248s] Level 1:colcon.colcon_core.package_identification:_identify(.) by extension 'python'
[0.248s] Level 1:colcon.colcon_core.package_identification:_identify(.) by extensions ['python_setup_py']
[0.248s] Level 1:colcon.colcon_core.package_identification:_identify(.) by extension 'python_setup_py'
[0.248s] Level 1:colcon.colcon_core.package_identification:_identify(build) by extensions ['ignore', 'ignore_ament_install']
[0.248s] Level 1:colcon.colcon_core.package_identification:_identify(build) by extension 'ignore'
[0.248s] Level 1:colcon.colcon_core.package_identification:_identify(build) ignored
[0.248s] Level 1:colcon.colcon_core.package_identification:_identify(install) by extensions ['ignore', 'ignore_ament_install']
[0.248s] Level 1:colcon.colcon_core.package_identification:_identify(install) by extension 'ignore'
[0.248s] Level 1:colcon.colcon_core.package_identification:_identify(install) ignored
[0.248s] Level 1:colcon.colcon_core.package_identification:_identify(log) by extensions ['ignore', 'ignore_ament_install']
[0.248s] Level 1:colcon.colcon_core.package_identification:_identify(log) by extension 'ignore'
[0.248s] Level 1:colcon.colcon_core.package_identification:_identify(log) ignored
[0.249s] Level 1:colcon.colcon_core.package_identification:_identify(src) by extensions ['ignore', 'ignore_ament_install']
[0.249s] Level 1:colcon.colcon_core.package_identification:_identify(src) by extension 'ignore'
[0.249s] Level 1:colcon.colcon_core.package_identification:_identify(src) by extension 'ignore_ament_install'
[0.249s] Level 1:colcon.colcon_core.package_identification:_identify(src) by extensions ['colcon_pkg']
[0.249s] Level 1:colcon.colcon_core.package_identification:_identify(src) by extension 'colcon_pkg'
[0.249s] Level 1:colcon.colcon_core.package_identification:_identify(src) by extensions ['colcon_meta']
[0.249s] Level 1:colcon.colcon_core.package_identification:_identify(src) by extension 'colcon_meta'
[0.249s] Level 1:colcon.colcon_core.package_identification:_identify(src) by extensions ['ros']
[0.249s] Level 1:colcon.colcon_core.package_identification:_identify(src) by extension 'ros'
[0.249s] Level 1:colcon.colcon_core.package_identification:_identify(src) by extensions ['cmake', 'python']
[0.249s] Level 1:colcon.colcon_core.package_identification:_identify(src) by extension 'cmake'
[0.249s] Level 1:colcon.colcon_core.package_identification:_identify(src) by extension 'python'
[0.249s] Level 1:colcon.colcon_core.package_identification:_identify(src) by extensions ['python_setup_py']
[0.249s] Level 1:colcon.colcon_core.package_identification:_identify(src) by extension 'python_setup_py'
[0.249s] Level 1:colcon.colcon_core.package_identification:_identify(src/log) by extensions ['ignore', 'ignore_ament_install']
[0.249s] Level 1:colcon.colcon_core.package_identification:_identify(src/log) by extension 'ignore'
[0.249s] Level 1:colcon.colcon_core.package_identification:_identify(src/log) by extension 'ignore_ament_install'
[0.249s] Level 1:colcon.colcon_core.package_identification:_identify(src/log) by extensions ['colcon_pkg']
[0.249s] Level 1:colcon.colcon_core.package_identification:_identify(src/log) by extension 'colcon_pkg'
[0.250s] Level 1:colcon.colcon_core.package_identification:_identify(src/log) by extensions ['colcon_meta']
[0.250s] Level 1:colcon.colcon_core.package_identification:_identify(src/log) by extension 'colcon_meta'
[0.250s] Level 1:colcon.colcon_core.package_identification:_identify(src/log) by extensions ['ros']
[0.250s] Level 1:colcon.colcon_core.package_identification:_identify(src/log) by extension 'ros'
[0.250s] Level 1:colcon.colcon_core.package_identification:_identify(src/log) by extensions ['cmake', 'python']
[0.250s] Level 1:colcon.colcon_core.package_identification:_identify(src/log) by extension 'cmake'
[0.250s] Level 1:colcon.colcon_core.package_identification:_identify(src/log) by extension 'python'
[0.250s] Level 1:colcon.colcon_core.package_identification:_identify(src/log) by extensions ['python_setup_py']
[0.250s] Level 1:colcon.colcon_core.package_identification:_identify(src/log) by extension 'python_setup_py'
[0.250s] Level 1:colcon.colcon_core.package_identification:_identify(src/urdf_2dof) by extensions ['ignore', 'ignore_ament_install']
[0.250s] Level 1:colcon.colcon_core.package_identification:_identify(src/urdf_2dof) by extension 'ignore'
[0.250s] Level 1:colcon.colcon_core.package_identification:_identify(src/urdf_2dof) by extension 'ignore_ament_install'
[0.250s] Level 1:colcon.colcon_core.package_identification:_identify(src/urdf_2dof) by extensions ['colcon_pkg']
[0.250s] Level 1:colcon.colcon_core.package_identification:_identify(src/urdf_2dof) by extension 'colcon_pkg'
[0.250s] Level 1:colcon.colcon_core.package_identification:_identify(src/urdf_2dof) by extensions ['colcon_meta']
[0.250s] Level 1:colcon.colcon_core.package_identification:_identify(src/urdf_2dof) by extension 'colcon_meta'
[0.250s] Level 1:colcon.colcon_core.package_identification:_identify(src/urdf_2dof) by extensions ['ros']
[0.250s] Level 1:colcon.colcon_core.package_identification:_identify(src/urdf_2dof) by extension 'ros'
[0.252s] DEBUG:colcon.colcon_core.package_identification:Package 'src/urdf_2dof' with type 'ros.ament_cmake' and name 'urdf_2dof'
[0.252s] Level 1:colcon.colcon_core.package_discovery:discover_packages(recursive) using defaults
[0.252s] Level 1:colcon.colcon_core.package_discovery:discover_packages(ignore) discover
[0.253s] Level 1:colcon.colcon_core.package_discovery:discover_packages(ignore) using defaults
[0.253s] Level 1:colcon.colcon_core.package_discovery:discover_packages(path) discover
[0.253s] Level 1:colcon.colcon_core.package_discovery:discover_packages(path) using defaults
[0.270s] Level 5:colcon.colcon_core.verb:set package 'urdf_2dof' build argument 'cmake_args' from command line to 'None'
[0.270s] Level 5:colcon.colcon_core.verb:set package 'urdf_2dof' build argument 'cmake_target' from command line to 'None'
[0.270s] Level 5:colcon.colcon_core.verb:set package 'urdf_2dof' build argument 'cmake_target_skip_unavailable' from command line to 'False'
[0.270s] Level 5:colcon.colcon_core.verb:set package 'urdf_2dof' build argument 'cmake_clean_cache' from command line to 'False'
[0.270s] Level 5:colcon.colcon_core.verb:set package 'urdf_2dof' build argument 'cmake_clean_first' from command line to 'False'
[0.270s] Level 5:colcon.colcon_core.verb:set package 'urdf_2dof' build argument 'cmake_force_configure' from command line to 'False'
[0.270s] Level 5:colcon.colcon_core.verb:set package 'urdf_2dof' build argument 'ament_cmake_args' from command line to 'None'
[0.270s] Level 5:colcon.colcon_core.verb:set package 'urdf_2dof' build argument 'catkin_cmake_args' from command line to 'None'
[0.270s] Level 5:colcon.colcon_core.verb:set package 'urdf_2dof' build argument 'catkin_skip_building_tests' from command line to 'False'
[0.270s] DEBUG:colcon.colcon_core.verb:Building package 'urdf_2dof' with the following arguments: {'ament_cmake_args': None, 'build_base': '/ThesisRosGITV1/build/urdf_2dof', 'catkin_cmake_args': None, 'catkin_skip_building_tests': False, 'cmake_args': None, 'cmake_clean_cache': False, 'cmake_clean_first': False, 'cmake_force_configure': False, 'cmake_target': None, 'cmake_target_skip_unavailable': False, 'install_base': '/ThesisRosGITV1/install/urdf_2dof', 'merge_install': False, 'path': '/ThesisRosGITV1/src/urdf_2dof', 'symlink_install': False, 'test_result_base': None}
[0.270s] INFO:colcon.colcon_core.executor:Executing jobs using 'parallel' executor
[0.271s] DEBUG:colcon.colcon_parallel_executor.executor.parallel:run_until_complete
[0.272s] INFO:colcon.colcon_ros.task.ament_cmake.build:Building ROS package in '/ThesisRosGITV1/src/urdf_2dof' with build type 'ament_cmake'
[0.272s] INFO:colcon.colcon_cmake.task.cmake.build:Building CMake package in '/ThesisRosGITV1/src/urdf_2dof'
[0.274s] INFO:colcon.colcon_core.plugin_system:Skipping extension 'colcon_core.shell.bat': Not used on non-Windows systems
[0.274s] INFO:colcon.colcon_core.shell:Skip shell extension 'powershell' for command environment: Not usable outside of PowerShell
[0.274s] DEBUG:colcon.colcon_core.shell:Skip shell extension 'dsv' for command environment
[0.284s] DEBUG:colcon.colcon_core.event_handler.log_command:Invoking command in '/ThesisRosGITV1/build/urdf_2dof': CMAKE_PREFIX_PATH=${CMAKE_PREFIX_PATH}:/opt/ros/humble /usr/bin/cmake --build /ThesisRosGITV1/build/urdf_2dof -- -j8 -l8
[0.328s] DEBUG:colcon.colcon_core.event_handler.log_command:Invoked command in '/ThesisRosGITV1/build/urdf_2dof' returned '0': CMAKE_PREFIX_PATH=${CMAKE_PREFIX_PATH}:/opt/ros/humble /usr/bin/cmake --build /ThesisRosGITV1/build/urdf_2dof -- -j8 -l8
[0.339s] DEBUG:colcon.colcon_core.event_handler.log_command:Invoking command in '/ThesisRosGITV1/build/urdf_2dof': CMAKE_PREFIX_PATH=${CMAKE_PREFIX_PATH}:/opt/ros/humble /usr/bin/cmake --install /ThesisRosGITV1/build/urdf_2dof
[0.349s] Level 1:colcon.colcon_core.environment:create_environment_scripts_only(urdf_2dof)
[0.350s] DEBUG:colcon.colcon_core.event_handler.log_command:Invoked command in '/ThesisRosGITV1/build/urdf_2dof' returned '0': CMAKE_PREFIX_PATH=${CMAKE_PREFIX_PATH}:/opt/ros/humble /usr/bin/cmake --install /ThesisRosGITV1/build/urdf_2dof
[0.352s] Level 1:colcon.colcon_core.environment:checking '/ThesisRosGITV1/install/urdf_2dof' for CMake module files
[0.352s] Level 1:colcon.colcon_core.environment:checking '/ThesisRosGITV1/install/urdf_2dof' for CMake config files
[0.352s] Level 1:colcon.colcon_core.shell:create_environment_hook('urdf_2dof', 'cmake_prefix_path')
[0.353s] INFO:colcon.colcon_core.shell:Creating environment hook '/ThesisRosGITV1/install/urdf_2dof/share/urdf_2dof/hook/cmake_prefix_path.ps1'
[0.353s] INFO:colcon.colcon_core.shell:Creating environment descriptor '/ThesisRosGITV1/install/urdf_2dof/share/urdf_2dof/hook/cmake_prefix_path.dsv'
[0.354s] INFO:colcon.colcon_core.shell:Creating environment hook '/ThesisRosGITV1/install/urdf_2dof/share/urdf_2dof/hook/cmake_prefix_path.sh'
[0.355s] Level 1:colcon.colcon_core.environment:checking '/ThesisRosGITV1/install/urdf_2dof/lib'
[0.355s] Level 1:colcon.colcon_core.environment:checking '/ThesisRosGITV1/install/urdf_2dof/bin'
[0.355s] Level 1:colcon.colcon_core.environment:checking '/ThesisRosGITV1/install/urdf_2dof/lib/pkgconfig/urdf_2dof.pc'
[0.357s] Level 1:colcon.colcon_core.environment:checking '/ThesisRosGITV1/install/urdf_2dof/lib/python3.10/site-packages'
[0.357s] Level 1:colcon.colcon_core.shell:create_environment_hook('urdf_2dof', 'pythonpath')
[0.357s] INFO:colcon.colcon_core.shell:Creating environment hook '/ThesisRosGITV1/install/urdf_2dof/share/urdf_2dof/hook/pythonpath.ps1'
[0.357s] INFO:colcon.colcon_core.shell:Creating environment descriptor '/ThesisRosGITV1/install/urdf_2dof/share/urdf_2dof/hook/pythonpath.dsv'
[0.358s] INFO:colcon.colcon_core.shell:Creating environment hook '/ThesisRosGITV1/install/urdf_2dof/share/urdf_2dof/hook/pythonpath.sh'
[0.358s] Level 1:colcon.colcon_core.environment:checking '/ThesisRosGITV1/install/urdf_2dof/bin'
[0.359s] INFO:colcon.colcon_core.shell:Creating package script '/ThesisRosGITV1/install/urdf_2dof/share/urdf_2dof/package.ps1'
[0.360s] INFO:colcon.colcon_core.shell:Creating package descriptor '/ThesisRosGITV1/install/urdf_2dof/share/urdf_2dof/package.dsv'
[0.361s] INFO:colcon.colcon_core.shell:Creating package script '/ThesisRosGITV1/install/urdf_2dof/share/urdf_2dof/package.sh'
[0.361s] INFO:colcon.colcon_core.shell:Creating package script '/ThesisRosGITV1/install/urdf_2dof/share/urdf_2dof/package.bash'
[0.362s] INFO:colcon.colcon_core.shell:Creating package script '/ThesisRosGITV1/install/urdf_2dof/share/urdf_2dof/package.zsh'
[0.363s] Level 1:colcon.colcon_core.environment:create_file_with_runtime_dependencies(/ThesisRosGITV1/install/urdf_2dof/share/colcon-core/packages/urdf_2dof)
[0.363s] Level 1:colcon.colcon_core.environment:create_environment_scripts_only(urdf_2dof)
[0.364s] Level 1:colcon.colcon_core.environment:checking '/ThesisRosGITV1/install/urdf_2dof' for CMake module files
[0.364s] Level 1:colcon.colcon_core.environment:checking '/ThesisRosGITV1/install/urdf_2dof' for CMake config files
[0.365s] Level 1:colcon.colcon_core.shell:create_environment_hook('urdf_2dof', 'cmake_prefix_path')
[0.365s] INFO:colcon.colcon_core.shell:Creating environment hook '/ThesisRosGITV1/install/urdf_2dof/share/urdf_2dof/hook/cmake_prefix_path.ps1'
[0.366s] INFO:colcon.colcon_core.shell:Creating environment descriptor '/ThesisRosGITV1/install/urdf_2dof/share/urdf_2dof/hook/cmake_prefix_path.dsv'
[0.366s] INFO:colcon.colcon_core.shell:Creating environment hook '/ThesisRosGITV1/install/urdf_2dof/share/urdf_2dof/hook/cmake_prefix_path.sh'
[0.367s] Level 1:colcon.colcon_core.environment:checking '/ThesisRosGITV1/install/urdf_2dof/lib'
[0.367s] Level 1:colcon.colcon_core.environment:checking '/ThesisRosGITV1/install/urdf_2dof/bin'
[0.367s] Level 1:colcon.colcon_core.environment:checking '/ThesisRosGITV1/install/urdf_2dof/lib/pkgconfig/urdf_2dof.pc'
[0.367s] Level 1:colcon.colcon_core.environment:checking '/ThesisRosGITV1/install/urdf_2dof/lib/python3.10/site-packages'
[0.368s] Level 1:colcon.colcon_core.shell:create_environment_hook('urdf_2dof', 'pythonpath')
[0.368s] INFO:colcon.colcon_core.shell:Creating environment hook '/ThesisRosGITV1/install/urdf_2dof/share/urdf_2dof/hook/pythonpath.ps1'
[0.368s] INFO:colcon.colcon_core.shell:Creating environment descriptor '/ThesisRosGITV1/install/urdf_2dof/share/urdf_2dof/hook/pythonpath.dsv'
[0.369s] INFO:colcon.colcon_core.shell:Creating environment hook '/ThesisRosGITV1/install/urdf_2dof/share/urdf_2dof/hook/pythonpath.sh'
[0.370s] Level 1:colcon.colcon_core.environment:checking '/ThesisRosGITV1/install/urdf_2dof/bin'
[0.370s] INFO:colcon.colcon_core.shell:Creating package script '/ThesisRosGITV1/install/urdf_2dof/share/urdf_2dof/package.ps1'
[0.371s] INFO:colcon.colcon_core.shell:Creating package descriptor '/ThesisRosGITV1/install/urdf_2dof/share/urdf_2dof/package.dsv'
[0.372s] INFO:colcon.colcon_core.shell:Creating package script '/ThesisRosGITV1/install/urdf_2dof/share/urdf_2dof/package.sh'
[0.372s] INFO:colcon.colcon_core.shell:Creating package script '/ThesisRosGITV1/install/urdf_2dof/share/urdf_2dof/package.bash'
[0.373s] INFO:colcon.colcon_core.shell:Creating package script '/ThesisRosGITV1/install/urdf_2dof/share/urdf_2dof/package.zsh'
[0.373s] Level 1:colcon.colcon_core.environment:create_file_with_runtime_dependencies(/ThesisRosGITV1/install/urdf_2dof/share/colcon-core/packages/urdf_2dof)
[0.374s] DEBUG:colcon.colcon_parallel_executor.executor.parallel:closing loop
[0.374s] DEBUG:colcon.colcon_parallel_executor.executor.parallel:loop closed
[0.374s] DEBUG:colcon.colcon_parallel_executor.executor.parallel:run_until_complete finished with '0'
[0.374s] DEBUG:colcon.colcon_core.event_reactor:joining thread
[0.382s] INFO:colcon.colcon_core.plugin_system:Skipping extension 'colcon_notification.desktop_notification.notify_send': Could not find 'notify-send'
[0.382s] INFO:colcon.colcon_core.plugin_system:Skipping extension 'colcon_notification.desktop_notification.terminal_notifier': Not used on non-Darwin systems
[0.382s] INFO:colcon.colcon_core.plugin_system:Skipping extension 'colcon_notification.desktop_notification.win32': Not used on non-Windows systems
[0.382s] INFO:colcon.colcon_notification.desktop_notification:Sending desktop notification using 'notify2'
[0.396s] DEBUG:colcon.colcon_core.event_reactor:joined thread
[0.396s] INFO:colcon.colcon_core.shell:Creating prefix script '/ThesisRosGITV1/install/local_setup.ps1'
[0.398s] INFO:colcon.colcon_core.shell:Creating prefix util module '/ThesisRosGITV1/install/_local_setup_util_ps1.py'
[0.401s] INFO:colcon.colcon_core.shell:Creating prefix chain script '/ThesisRosGITV1/install/setup.ps1'
[0.404s] INFO:colcon.colcon_core.shell:Creating prefix script '/ThesisRosGITV1/install/local_setup.sh'
[0.405s] INFO:colcon.colcon_core.shell:Creating prefix util module '/ThesisRosGITV1/install/_local_setup_util_sh.py'
[0.406s] INFO:colcon.colcon_core.shell:Creating prefix chain script '/ThesisRosGITV1/install/setup.sh'
[0.407s] INFO:colcon.colcon_core.shell:Creating prefix script '/ThesisRosGITV1/install/local_setup.bash'
[0.408s] INFO:colcon.colcon_core.shell:Creating prefix chain script '/ThesisRosGITV1/install/setup.bash'
[0.409s] INFO:colcon.colcon_core.shell:Creating prefix script '/ThesisRosGITV1/install/local_setup.zsh'
[0.411s] INFO:colcon.colcon_core.shell:Creating prefix chain script '/ThesisRosGITV1/install/setup.zsh'
