[0.020s] Invoking command in '/ThesisRosGITV1/build/urdf_2dof': CMAKE_PREFIX_PATH=${CMAKE_PREFIX_PATH}:/opt/ros/humble /usr/bin/cmake --build /ThesisRosGITV1/build/urdf_2dof -- -j8 -l8
[0.061s] -- Found ament_cmake: 1.3.12 (/opt/ros/humble/share/ament_cmake/cmake)
[0.222s] -- Found ament_lint_auto: 0.12.14 (/opt/ros/humble/share/ament_lint_auto/cmake)
[0.302s] -- Added test 'flake8' to check Python code syntax and style conventions
[0.303s] -- Added test 'lint_cmake' to check CMake code style
[0.304s] -- Added test 'pep257' to check Python code against some of the docstring style conventions in PEP 257
[0.306s] -- Added test 'xmllint' to check XML markup files
[0.308s] -- Configuring done
[0.313s] -- Generating done
[0.316s] -- Build files have been written to: /ThesisRosGITV1/build/urdf_2dof
[0.343s] Invoked command in '/ThesisRosGITV1/build/urdf_2dof' returned '0': CMAKE_PREFIX_PATH=${CMAKE_PREFIX_PATH}:/opt/ros/humble /usr/bin/cmake --build /ThesisRosGITV1/build/urdf_2dof -- -j8 -l8
[0.356s] Invoking command in '/ThesisRosGITV1/build/urdf_2dof': CMAKE_PREFIX_PATH=${CMAKE_PREFIX_PATH}:/opt/ros/humble /usr/bin/cmake --install /ThesisRosGITV1/build/urdf_2dof
[0.364s] -- Install configuration: ""
[0.364s] -- Installing: /ThesisRosGITV1/install/urdf_2dof/share/urdf_2dof/launch
[0.364s] -- Installing: /ThesisRosGITV1/install/urdf_2dof/share/urdf_2dof/launch/display.launch.py
[0.364s] -- Installing: /ThesisRosGITV1/install/urdf_2dof/share/urdf_2dof/config
[0.365s] -- Installing: /ThesisRosGITV1/install/urdf_2dof/share/urdf_2dof/urdf
[0.365s] -- Installing: /ThesisRosGITV1/install/urdf_2dof/share/urdf_2dof/urdf/2dof.urdf
[0.365s] -- Installing: /ThesisRosGITV1/install/urdf_2dof/share/urdf_2dof/meshes
[0.365s] -- Installing: /ThesisRosGITV1/install/urdf_2dof/share/urdf_2dof/meshes/EndEffector.STL
[0.365s] -- Installing: /ThesisRosGITV1/install/urdf_2dof/share/urdf_2dof/meshes/base_link.STL
[0.365s] -- Installing: /ThesisRosGITV1/install/urdf_2dof/share/urdf_2dof/meshes/Link1.STL
[0.366s] -- Installing: /ThesisRosGITV1/install/urdf_2dof/share/urdf_2dof/meshes/Link2.STL
[0.366s] -- Installing: /ThesisRosGITV1/install/urdf_2dof/share/ament_index/resource_index/package_run_dependencies/urdf_2dof
[0.366s] -- Up-to-date: /ThesisRosGITV1/install/urdf_2dof/share/ament_index/resource_index/parent_prefix_path/urdf_2dof
[0.366s] -- Up-to-date: /ThesisRosGITV1/install/urdf_2dof/share/urdf_2dof/environment/ament_prefix_path.sh
[0.366s] -- Installing: /ThesisRosGITV1/install/urdf_2dof/share/urdf_2dof/environment/ament_prefix_path.dsv
[0.367s] -- Up-to-date: /ThesisRosGITV1/install/urdf_2dof/share/urdf_2dof/environment/path.sh
[0.367s] -- Installing: /ThesisRosGITV1/install/urdf_2dof/share/urdf_2dof/environment/path.dsv
[0.367s] -- Up-to-date: /ThesisRosGITV1/install/urdf_2dof/share/urdf_2dof/local_setup.bash
[0.367s] -- Up-to-date: /ThesisRosGITV1/install/urdf_2dof/share/urdf_2dof/local_setup.sh
[0.367s] -- Up-to-date: /ThesisRosGITV1/install/urdf_2dof/share/urdf_2dof/local_setup.zsh
[0.367s] -- Installing: /ThesisRosGITV1/install/urdf_2dof/share/urdf_2dof/local_setup.dsv
[0.367s] -- Installing: /ThesisRosGITV1/install/urdf_2dof/share/urdf_2dof/package.dsv
[0.367s] -- Up-to-date: /ThesisRosGITV1/install/urdf_2dof/share/ament_index/resource_index/packages/urdf_2dof
[0.368s] -- Up-to-date: /ThesisRosGITV1/install/urdf_2dof/share/urdf_2dof/cmake/urdf_2dofConfig.cmake
[0.368s] -- Up-to-date: /ThesisRosGITV1/install/urdf_2dof/share/urdf_2dof/cmake/urdf_2dofConfig-version.cmake
[0.368s] -- Installing: /ThesisRosGITV1/install/urdf_2dof/share/urdf_2dof/package.xml
[0.370s] Invoked command in '/ThesisRosGITV1/build/urdf_2dof' returned '0': CMAKE_PREFIX_PATH=${CMAKE_PREFIX_PATH}:/opt/ros/humble /usr/bin/cmake --install /ThesisRosGITV1/build/urdf_2dof
