-- The C compiler identification is GNU 11.4.0
-- The CXX compiler identification is GNU 11.4.0
-- Detecting C compiler ABI info
-- Detecting C compiler ABI info - done
-- Check for working C compiler: /usr/bin/cc - skipped
-- Detecting C compile features
-- Detecting C compile features - done
-- Detecting CXX compiler ABI info
-- Detecting CXX compiler ABI info - done
-- Check for working CXX compiler: /usr/bin/c++ - skipped
-- Detecting CXX compile features
-- Detecting CXX compile features - done
-- Found ament_cmake: 1.3.12 (/opt/ros/humble/share/ament_cmake/cmake)
-- Found Python3: /usr/bin/python3 (found version "3.10.12") found components: Interpreter 
-- Found ament_lint_auto: 0.12.14 (/opt/ros/humble/share/ament_lint_auto/cmake)
-- Added test 'lint_cmake' to check CMake code style
-- Added test 'xmllint' to check XML markup files
-- Configuring done
-- Generating done
-- Build files have been written to: /ThesisRosGITV1/build/urdf_2dof
-- Install configuration: ""
-- Installing: /ThesisRosGITV1/install/urdf_2dof/share/ament_index/resource_index/package_run_dependencies/urdf_2dof
-- Installing: /ThesisRosGITV1/install/urdf_2dof/share/ament_index/resource_index/parent_prefix_path/urdf_2dof
-- Installing: /ThesisRosGITV1/install/urdf_2dof/share/urdf_2dof/environment/ament_prefix_path.sh
-- Installing: /ThesisRosGITV1/install/urdf_2dof/share/urdf_2dof/environment/ament_prefix_path.dsv
-- Installing: /ThesisRosGITV1/install/urdf_2dof/share/urdf_2dof/environment/path.sh
-- Installing: /ThesisRosGITV1/install/urdf_2dof/share/urdf_2dof/environment/path.dsv
-- Installing: /ThesisRosGITV1/install/urdf_2dof/share/urdf_2dof/local_setup.bash
-- Installing: /ThesisRosGITV1/install/urdf_2dof/share/urdf_2dof/local_setup.sh
-- Installing: /ThesisRosGITV1/install/urdf_2dof/share/urdf_2dof/local_setup.zsh
-- Installing: /ThesisRosGITV1/install/urdf_2dof/share/urdf_2dof/local_setup.dsv
-- Installing: /ThesisRosGITV1/install/urdf_2dof/share/urdf_2dof/package.dsv
-- Installing: /ThesisRosGITV1/install/urdf_2dof/share/ament_index/resource_index/packages/urdf_2dof
-- Installing: /ThesisRosGITV1/install/urdf_2dof/share/urdf_2dof/cmake/urdf_2dofConfig.cmake
-- Installing: /ThesisRosGITV1/install/urdf_2dof/share/urdf_2dof/cmake/urdf_2dofConfig-version.cmake
-- Installing: /ThesisRosGITV1/install/urdf_2dof/share/urdf_2dof/package.xml
