[0.010s] Invoking command in '/ThesisRosGITV1/build/urdf_2dof': CMAKE_PREFIX_PATH=${CMAKE_PREFIX_PATH}:/opt/ros/humble /usr/bin/cmake /ThesisRosGITV1/src/urdf_2dof -DCMAKE_INSTALL_PREFIX=/ThesisRosGITV1/install/urdf_2dof
[0.071s] -- The C compiler identification is GNU 11.4.0
[0.135s] -- The CXX compiler identification is GNU 11.4.0
[0.143s] -- Detecting C compiler ABI info
[0.218s] -- Detecting C compiler ABI info - done
[0.231s] -- Check for working C compiler: /usr/bin/cc - skipped
[0.231s] -- Detecting C compile features
[0.232s] -- Detecting C compile features - done
[0.236s] -- Detecting CXX compiler ABI info
[0.325s] -- Detecting CXX compiler ABI info - done
[0.337s] -- Check for working CXX compiler: /usr/bin/c++ - skipped
[0.337s] -- Detecting CXX compile features
[0.337s] -- Detecting CXX compile features - done
[0.343s] -- Found ament_cmake: 1.3.12 (/opt/ros/humble/share/ament_cmake/cmake)
[0.535s] -- Found Python3: /usr/bin/python3 (found version "3.10.12") found components: Interpreter 
[0.659s] -- Found ament_lint_auto: 0.12.14 (/opt/ros/humble/share/ament_lint_auto/cmake)
[0.759s] -- Added test 'lint_cmake' to check CMake code style
[0.761s] -- Added test 'xmllint' to check XML markup files
[0.764s] -- Configuring done
[0.768s] -- Generating done
[0.770s] -- Build files have been written to: /ThesisRosGITV1/build/urdf_2dof
[0.776s] Invoked command in '/ThesisRosGITV1/build/urdf_2dof' returned '0': CMAKE_PREFIX_PATH=${CMAKE_PREFIX_PATH}:/opt/ros/humble /usr/bin/cmake /ThesisRosGITV1/src/urdf_2dof -DCMAKE_INSTALL_PREFIX=/ThesisRosGITV1/install/urdf_2dof
[0.778s] Invoking command in '/ThesisRosGITV1/build/urdf_2dof': CMAKE_PREFIX_PATH=${CMAKE_PREFIX_PATH}:/opt/ros/humble /usr/bin/cmake --build /ThesisRosGITV1/build/urdf_2dof -- -j8 -l8
[0.825s] Invoked command in '/ThesisRosGITV1/build/urdf_2dof' returned '0': CMAKE_PREFIX_PATH=${CMAKE_PREFIX_PATH}:/opt/ros/humble /usr/bin/cmake --build /ThesisRosGITV1/build/urdf_2dof -- -j8 -l8
[0.837s] Invoking command in '/ThesisRosGITV1/build/urdf_2dof': CMAKE_PREFIX_PATH=${CMAKE_PREFIX_PATH}:/opt/ros/humble /usr/bin/cmake --install /ThesisRosGITV1/build/urdf_2dof
[0.845s] -- Install configuration: ""
[0.846s] -- Installing: /ThesisRosGITV1/install/urdf_2dof/share/ament_index/resource_index/package_run_dependencies/urdf_2dof
[0.846s] -- Installing: /ThesisRosGITV1/install/urdf_2dof/share/ament_index/resource_index/parent_prefix_path/urdf_2dof
[0.846s] -- Installing: /ThesisRosGITV1/install/urdf_2dof/share/urdf_2dof/environment/ament_prefix_path.sh
[0.846s] -- Installing: /ThesisRosGITV1/install/urdf_2dof/share/urdf_2dof/environment/ament_prefix_path.dsv
[0.847s] -- Installing: /ThesisRosGITV1/install/urdf_2dof/share/urdf_2dof/environment/path.sh
[0.847s] -- Installing: /ThesisRosGITV1/install/urdf_2dof/share/urdf_2dof/environment/path.dsv
[0.847s] -- Installing: /ThesisRosGITV1/install/urdf_2dof/share/urdf_2dof/local_setup.bash
[0.847s] -- Installing: /ThesisRosGITV1/install/urdf_2dof/share/urdf_2dof/local_setup.sh
[0.847s] -- Installing: /ThesisRosGITV1/install/urdf_2dof/share/urdf_2dof/local_setup.zsh
[0.848s] -- Installing: /ThesisRosGITV1/install/urdf_2dof/share/urdf_2dof/local_setup.dsv
[0.848s] -- Installing: /ThesisRosGITV1/install/urdf_2dof/share/urdf_2dof/package.dsv
[0.848s] -- Installing: /ThesisRosGITV1/install/urdf_2dof/share/ament_index/resource_index/packages/urdf_2dof
[0.848s] -- Installing: /ThesisRosGITV1/install/urdf_2dof/share/urdf_2dof/cmake/urdf_2dofConfig.cmake
[0.848s] -- Installing: /ThesisRosGITV1/install/urdf_2dof/share/urdf_2dof/cmake/urdf_2dofConfig-version.cmake
[0.849s] -- Installing: /ThesisRosGITV1/install/urdf_2dof/share/urdf_2dof/package.xml
[0.851s] Invoked command in '/ThesisRosGITV1/build/urdf_2dof' returned '0': CMAKE_PREFIX_PATH=${CMAKE_PREFIX_PATH}:/opt/ros/humble /usr/bin/cmake --install /ThesisRosGITV1/build/urdf_2dof
