[0.008s] Invoking command in '/ThesisRosGITV1/build/urdf_2dof': CMAKE_PREFIX_PATH=${CMAKE_PREFIX_PATH}:/opt/ros/humble /usr/bin/cmake --build /ThesisRosGITV1/build/urdf_2dof -- -j16 -l16
[0.030s] -- Found ament_cmake: 1.3.12 (/opt/ros/humble/share/ament_cmake/cmake)
[0.115s] -- Found ament_lint_auto: 0.12.14 (/opt/ros/humble/share/ament_lint_auto/cmake)
[0.159s] -- Added test 'flake8' to check Python code syntax and style conventions
[0.159s] -- Added test 'lint_cmake' to check CMake code style
[0.160s] -- Added test 'pep257' to check Python code against some of the docstring style conventions in PEP 257
[0.161s] -- Added test 'xmllint' to check XML markup files
[0.161s] -- Configuring done
[0.163s] -- Generating done
[0.164s] -- Build files have been written to: /ThesisRosGITV1/build/urdf_2dof
[0.176s] Invoked command in '/ThesisRosGITV1/build/urdf_2dof' returned '0': CMAKE_PREFIX_PATH=${CMAKE_PREFIX_PATH}:/opt/ros/humble /usr/bin/cmake --build /ThesisRosGITV1/build/urdf_2dof -- -j16 -l16
[0.181s] Invoking command in '/ThesisRosGITV1/build/urdf_2dof': CMAKE_PREFIX_PATH=${CMAKE_PREFIX_PATH}:/opt/ros/humble /usr/bin/cmake --install /ThesisRosGITV1/build/urdf_2dof
[0.185s] -- Install configuration: ""
[0.185s] -- Up-to-date: /ThesisRosGITV1/install/urdf_2dof/share/urdf_2dof/launch
[0.185s] -- Up-to-date: /ThesisRosGITV1/install/urdf_2dof/share/urdf_2dof/launch/display.launch.py
[0.185s] -- Up-to-date: /ThesisRosGITV1/install/urdf_2dof/share/urdf_2dof/launch/sim.launch.py
[0.185s] -- Up-to-date: /ThesisRosGITV1/install/urdf_2dof/share/urdf_2dof/config
[0.185s] -- Up-to-date: /ThesisRosGITV1/install/urdf_2dof/share/urdf_2dof/config/config.rviz
[0.185s] -- Up-to-date: /ThesisRosGITV1/install/urdf_2dof/share/urdf_2dof/urdf
[0.185s] -- Installing: /ThesisRosGITV1/install/urdf_2dof/share/urdf_2dof/urdf/2dof.urdf
[0.185s] -- Up-to-date: /ThesisRosGITV1/install/urdf_2dof/share/urdf_2dof/meshes
[0.185s] -- Up-to-date: /ThesisRosGITV1/install/urdf_2dof/share/urdf_2dof/meshes/Link1.STL
[0.185s] -- Up-to-date: /ThesisRosGITV1/install/urdf_2dof/share/urdf_2dof/meshes/Link2.STL
[0.185s] -- Up-to-date: /ThesisRosGITV1/install/urdf_2dof/share/urdf_2dof/meshes/EndEffector.STL
[0.185s] -- Up-to-date: /ThesisRosGITV1/install/urdf_2dof/share/urdf_2dof/meshes/base_link.STL
[0.185s] -- Installing: /ThesisRosGITV1/install/urdf_2dof/lib/urdf_2dof/pendulum_sim_node.py
[0.185s] -- Up-to-date: /ThesisRosGITV1/install/urdf_2dof/share/ament_index/resource_index/package_run_dependencies/urdf_2dof
[0.185s] -- Installing: /ThesisRosGITV1/install/urdf_2dof/share/ament_index/resource_index/parent_prefix_path/urdf_2dof
[0.186s] -- Installing: /ThesisRosGITV1/install/urdf_2dof/share/urdf_2dof/environment/ament_prefix_path.sh
[0.186s] -- Installing: /ThesisRosGITV1/install/urdf_2dof/share/urdf_2dof/environment/ament_prefix_path.dsv
[0.186s] -- Installing: /ThesisRosGITV1/install/urdf_2dof/share/urdf_2dof/environment/path.sh
[0.186s] -- Installing: /ThesisRosGITV1/install/urdf_2dof/share/urdf_2dof/environment/path.dsv
[0.186s] -- Up-to-date: /ThesisRosGITV1/install/urdf_2dof/share/urdf_2dof/local_setup.bash
[0.186s] -- Up-to-date: /ThesisRosGITV1/install/urdf_2dof/share/urdf_2dof/local_setup.sh
[0.186s] -- Up-to-date: /ThesisRosGITV1/install/urdf_2dof/share/urdf_2dof/local_setup.zsh
[0.186s] -- Installing: /ThesisRosGITV1/install/urdf_2dof/share/urdf_2dof/local_setup.dsv
[0.186s] -- Installing: /ThesisRosGITV1/install/urdf_2dof/share/urdf_2dof/package.dsv
[0.186s] -- Up-to-date: /ThesisRosGITV1/install/urdf_2dof/share/ament_index/resource_index/packages/urdf_2dof
[0.186s] -- Up-to-date: /ThesisRosGITV1/install/urdf_2dof/share/urdf_2dof/cmake/urdf_2dofConfig.cmake
[0.186s] -- Up-to-date: /ThesisRosGITV1/install/urdf_2dof/share/urdf_2dof/cmake/urdf_2dofConfig-version.cmake
[0.186s] -- Up-to-date: /ThesisRosGITV1/install/urdf_2dof/share/urdf_2dof/package.xml
[0.187s] Invoked command in '/ThesisRosGITV1/build/urdf_2dof' returned '0': CMAKE_PREFIX_PATH=${CMAKE_PREFIX_PATH}:/opt/ros/humble /usr/bin/cmake --install /ThesisRosGITV1/build/urdf_2dof
