-- Install configuration: ""
-- Up-to-date: /ThesisRosGITV1/install/urdf_2dof/share/urdf_2dof/launch
-- Up-to-date: /ThesisRosGITV1/install/urdf_2dof/share/urdf_2dof/launch/display.launch.py
-- Up-to-date: /ThesisRosGITV1/install/urdf_2dof/share/urdf_2dof/launch/sim.launch.py
-- Up-to-date: /ThesisRosGITV1/install/urdf_2dof/share/urdf_2dof/config
-- Up-to-date: /ThesisRosGITV1/install/urdf_2dof/share/urdf_2dof/config/config.rviz
-- Up-to-date: /ThesisRosGITV1/install/urdf_2dof/share/urdf_2dof/urdf
-- Installing: /ThesisRosGITV1/install/urdf_2dof/share/urdf_2dof/urdf/2dof.urdf
-- Up-to-date: /ThesisRosGITV1/install/urdf_2dof/share/urdf_2dof/meshes
-- Up-to-date: /ThesisRosGITV1/install/urdf_2dof/share/urdf_2dof/meshes/Link1.STL
-- Up-to-date: /ThesisRosGITV1/install/urdf_2dof/share/urdf_2dof/meshes/Link2.STL
-- Up-to-date: /ThesisRosGITV1/install/urdf_2dof/share/urdf_2dof/meshes/EndEffector.STL
-- Up-to-date: /ThesisRosGITV1/install/urdf_2dof/share/urdf_2dof/meshes/base_link.STL
-- Up-to-date: /ThesisRosGITV1/install/urdf_2dof/lib/urdf_2dof/pendulum_sim_node.py
-- Up-to-date: /ThesisRosGITV1/install/urdf_2dof/share/ament_index/resource_index/package_run_dependencies/urdf_2dof
-- Up-to-date: /ThesisRosGITV1/install/urdf_2dof/share/ament_index/resource_index/parent_prefix_path/urdf_2dof
-- Up-to-date: /ThesisRosGITV1/install/urdf_2dof/share/urdf_2dof/environment/ament_prefix_path.sh
-- Up-to-date: /ThesisRosGITV1/install/urdf_2dof/share/urdf_2dof/environment/ament_prefix_path.dsv
-- Up-to-date: /ThesisRosGITV1/install/urdf_2dof/share/urdf_2dof/environment/path.sh
-- Up-to-date: /ThesisRosGITV1/install/urdf_2dof/share/urdf_2dof/environment/path.dsv
-- Up-to-date: /ThesisRosGITV1/install/urdf_2dof/share/urdf_2dof/local_setup.bash
-- Up-to-date: /ThesisRosGITV1/install/urdf_2dof/share/urdf_2dof/local_setup.sh
-- Up-to-date: /ThesisRosGITV1/install/urdf_2dof/share/urdf_2dof/local_setup.zsh
-- Up-to-date: /ThesisRosGITV1/install/urdf_2dof/share/urdf_2dof/local_setup.dsv
-- Installing: /ThesisRosGITV1/install/urdf_2dof/share/urdf_2dof/package.dsv
-- Up-to-date: /ThesisRosGITV1/install/urdf_2dof/share/ament_index/resource_index/packages/urdf_2dof
-- Up-to-date: /ThesisRosGITV1/install/urdf_2dof/share/urdf_2dof/cmake/urdf_2dofConfig.cmake
-- Up-to-date: /ThesisRosGITV1/install/urdf_2dof/share/urdf_2dof/cmake/urdf_2dofConfig-version.cmake
-- Up-to-date: /ThesisRosGITV1/install/urdf_2dof/share/urdf_2dof/package.xml
